2018-06-13 15:59:35,557 INFO: Microblog startup [in /Users/Michael/Desktop/mikeyblog/App/__init__.py:47]
2018-06-13 15:59:36,755 ERROR: Exception on /user/HungryMikey/edit_profile [GET] [in /Users/Michael/Desktop/mikeyblog/theMatrix/lib/python3.6/site-packages/flask/app.py:1761]
Traceback (most recent call last):
  File "/Users/Michael/Desktop/mikeyblog/theMatrix/lib/python3.6/site-packages/flask/app.py", line 2292, in wsgi_app
    response = self.full_dispatch_request()
  File "/Users/Michael/Desktop/mikeyblog/theMatrix/lib/python3.6/site-packages/flask/app.py", line 1815, in full_dispatch_request
    rv = self.handle_user_exception(e)
  File "/Users/Michael/Desktop/mikeyblog/theMatrix/lib/python3.6/site-packages/flask/app.py", line 1718, in handle_user_exception
    reraise(exc_type, exc_value, tb)
  File "/Users/Michael/Desktop/mikeyblog/theMatrix/lib/python3.6/site-packages/flask/_compat.py", line 35, in reraise
    raise value
  File "/Users/Michael/Desktop/mikeyblog/theMatrix/lib/python3.6/site-packages/flask/app.py", line 1813, in full_dispatch_request
    rv = self.dispatch_request()
  File "/Users/Michael/Desktop/mikeyblog/theMatrix/lib/python3.6/site-packages/flask/app.py", line 1799, in dispatch_request
    return self.view_functions[rule.endpoint](**req.view_args)
  File "/Users/Michael/Desktop/mikeyblog/theMatrix/lib/python3.6/site-packages/flask_login/utils.py", line 261, in decorated_view
    return func(*args, **kwargs)
  File "/Users/Michael/Desktop/mikeyblog/App/routes.py", line 91, in edit_profile
    form = EditProfileForm()
  File "/Users/Michael/Desktop/mikeyblog/theMatrix/lib/python3.6/site-packages/wtforms/form.py", line 212, in __call__
    return type.__call__(cls, *args, **kwargs)
TypeError: __init__() missing 1 required positional argument: 'original_username'
2018-06-13 16:00:49,656 INFO: Microblog startup [in /Users/Michael/Desktop/mikeyblog/App/__init__.py:47]
2018-06-13 18:56:57,180 INFO: Microblog startup [in /Users/Michael/Desktop/mikeyblog/App/__init__.py:47]
2018-06-13 18:58:11,519 INFO: Microblog startup [in /Users/Michael/Desktop/mikeyblog/App/__init__.py:47]
2018-06-17 12:14:31,913 INFO: Microblog startup [in /Users/Michael/Desktop/mikeyblog/App/__init__.py:47]
